<?xml version="1.0" encoding="UTF-8"?>
<!-- Generated by org.testng.reporters.JUnitReportReporter -->
<testsuite skipped="0" hostname="PrDiP" name="com.qa.test.GetAPITest" tests="3" failures="0" timestamp="25 Jul 2018 18:59:11 GMT" time="5.559" errors="0">
  <testcase name="getTest" time="4.212" classname="com.qa.test.GetAPITest"/>
  <testcase name="getTest2" time="0.686" classname="com.qa.test.GetAPITest"/>
  <testcase name="getTestwithHeader" time="0.661" classname="com.qa.test.GetAPITest"/>
</testsuite> <!-- com.qa.test.GetAPITest -->
