<?xml version="1.0" encoding="UTF-8"?>
<!-- Generated by org.testng.reporters.JUnitReportReporter -->
<testsuite skipped="0" hostname="PrDiP" name="com.qa.test.GetPostTest" tests="1" failures="0" timestamp="26 Jul 2018 18:09:10 GMT" time="5.033" errors="0">
  <testcase name="getTest" time="5.033" classname="com.qa.test.GetPostTest"/>
</testsuite> <!-- com.qa.test.GetPostTest -->
